<html>
<head>
<title>TestNG:  Test</title>
<link href="../testng.css" rel="stylesheet" type="text/css" />
<link href="../my-testng.css" rel="stylesheet" type="text/css" />

<style type="text/css">
.log { display: none;} 
.stack-trace { display: none;} 
</style>
<script type="text/javascript">
<!--
function flip(e) {
  current = e.style.display;
  if (current == 'block') {
    e.style.display = 'none';
    return 0;
  }
  else {
    e.style.display = 'block';
    return 1;
  }
}

function toggleBox(szDivId, elem, msg1, msg2)
{
  var res = -1;  if (document.getElementById) {
    res = flip(document.getElementById(szDivId));
  }
  else if (document.all) {
    // this is the way old msie versions work
    res = flip(document.all[szDivId]);
  }
  if(elem) {
    if(res == 0) elem.innerHTML = msg1; else elem.innerHTML = msg2;
  }

}

function toggleAllBoxes() {
  if (document.getElementsByTagName) {
    d = document.getElementsByTagName('div');
    for (i = 0; i < d.length; i++) {
      if (d[i].className == 'log') {
        flip(d[i]);
      }
    }
  }
}

// -->
</script>

</head>
<body>
<h2 align='center'>Test</h2><table border='1' align="center">
<tr>
<td>Tests passed/Failed/Skipped:</td><td>17/4/0</td>
</tr><tr>
<td>Started on:</td><td>Mon Apr 13 22:12:03 MSK 2020</td>
</tr>
<tr><td>Total time:</td><td>0 seconds (159 ms)</td>
</tr><tr>
<td>Included groups:</td><td></td>
</tr><tr>
<td>Excluded groups:</td><td></td>
</tr>
</table><p/>
<small><i>(Hover the method name to see the test class name)</i></small><p/>
<table width='100%' border='1' class='invocation-failed'>
<tr><td colspan='4' align='center'><b>FAILED TESTS</b></td></tr>
<tr><td><b>Test method</b></td>
<td width="30%"><b>Exception</b></td>
<td width="10%"><b>Time (seconds)</b></td>
<td><b>Instance</b></td>
</tr>
<tr>
<td title='com.epam.testng.tests.CosOfDoubleValueCalcTest.cosOfDoubleValue()'><b>cosOfDoubleValue</b><br>Test class: com.epam.testng.tests.CosOfDoubleValueCalcTest<br>Parameters: 360.0, -0.283691091486527</td>
<td><div><pre>java.lang.AssertionError: did not expect to find [-0.283691091486527] but found [0.9589157234143065]
	at com.epam.testng.tests.CosOfDoubleValueCalcTest.cosOfDoubleValue(CosOfDoubleValueCalcTest.java:11)
	at java.base/java.util.concurrent.ThreadPoolExecutor.runWorker(ThreadPoolExecutor.java:1128)
	at java.base/java.util.concurrent.ThreadPoolExecutor$Worker.run(ThreadPoolExecutor.java:628)
	at java.base/java.lang.Thread.run(Thread.java:834)
... Removed 16 stack frames</pre></div><a href='#' onClick='toggleBox("stack-trace1191012026", this, "Click to show all stack frames", "Click to hide stack frames")'>Click to show all stack frames</a>
<div class='stack-trace' id='stack-trace1191012026'><pre>java.lang.AssertionError: did not expect to find [-0.283691091486527] but found [0.9589157234143065]
	at org.testng.Assert.fail(Assert.java:97)
	at org.testng.Assert.failNotEquals(Assert.java:969)
	at org.testng.Assert.assertEquals(Assert.java:640)
	at org.testng.Assert.assertEquals(Assert.java:651)
	at com.epam.testng.tests.CosOfDoubleValueCalcTest.cosOfDoubleValue(CosOfDoubleValueCalcTest.java:11)
	at java.base/jdk.internal.reflect.NativeMethodAccessorImpl.invoke0(Native Method)
	at java.base/jdk.internal.reflect.NativeMethodAccessorImpl.invoke(NativeMethodAccessorImpl.java:62)
	at java.base/jdk.internal.reflect.DelegatingMethodAccessorImpl.invoke(DelegatingMethodAccessorImpl.java:43)
	at java.base/java.lang.reflect.Method.invoke(Method.java:566)
	at org.testng.internal.MethodInvocationHelper.invokeMethod(MethodInvocationHelper.java:133)
	at org.testng.internal.TestInvoker.invokeMethod(TestInvoker.java:584)
	at org.testng.internal.TestInvoker.invokeTestMethod(TestInvoker.java:172)
	at org.testng.internal.MethodRunner.runInSequence(MethodRunner.java:46)
	at org.testng.internal.TestInvoker$MethodInvocationAgent.invoke(TestInvoker.java:804)
	at org.testng.internal.TestInvoker.invokeTestMethods(TestInvoker.java:145)
	at org.testng.internal.TestMethodWorker.invokeTestMethods(TestMethodWorker.java:146)
	at org.testng.internal.TestMethodWorker.run(TestMethodWorker.java:128)
	at java.base/java.util.concurrent.ThreadPoolExecutor.runWorker(ThreadPoolExecutor.java:1128)
	at java.base/java.util.concurrent.ThreadPoolExecutor$Worker.run(ThreadPoolExecutor.java:628)
	at java.base/java.lang.Thread.run(Thread.java:834)
</pre></div></td>
<td>0</td>
<td>com.epam.testng.tests.CosOfDoubleValueCalcTest@3cc2931c</td></tr>
<tr>
<td title='com.epam.testng.tests.CtgOfDoubleValueCalcTest.ctgOfDoubleValue()'><b>ctgOfDoubleValue</b><br>Test class: com.epam.testng.tests.CtgOfDoubleValueCalcTest<br>Parameters: 3.5, 1.00182542851</td>
<td><div><pre>java.lang.AssertionError: did not expect to find [1.00182542851] but found [0.9981778976111987]
	at com.epam.testng.tests.CtgOfDoubleValueCalcTest.ctgOfDoubleValue(CtgOfDoubleValueCalcTest.java:11)
	at java.base/java.util.concurrent.ThreadPoolExecutor.runWorker(ThreadPoolExecutor.java:1128)
	at java.base/java.util.concurrent.ThreadPoolExecutor$Worker.run(ThreadPoolExecutor.java:628)
	at java.base/java.lang.Thread.run(Thread.java:834)
... Removed 16 stack frames</pre></div><a href='#' onClick='toggleBox("stack-trace908734874", this, "Click to show all stack frames", "Click to hide stack frames")'>Click to show all stack frames</a>
<div class='stack-trace' id='stack-trace908734874'><pre>java.lang.AssertionError: did not expect to find [1.00182542851] but found [0.9981778976111987]
	at org.testng.Assert.fail(Assert.java:97)
	at org.testng.Assert.failNotEquals(Assert.java:969)
	at org.testng.Assert.assertEquals(Assert.java:640)
	at org.testng.Assert.assertEquals(Assert.java:651)
	at com.epam.testng.tests.CtgOfDoubleValueCalcTest.ctgOfDoubleValue(CtgOfDoubleValueCalcTest.java:11)
	at java.base/jdk.internal.reflect.NativeMethodAccessorImpl.invoke0(Native Method)
	at java.base/jdk.internal.reflect.NativeMethodAccessorImpl.invoke(NativeMethodAccessorImpl.java:62)
	at java.base/jdk.internal.reflect.DelegatingMethodAccessorImpl.invoke(DelegatingMethodAccessorImpl.java:43)
	at java.base/java.lang.reflect.Method.invoke(Method.java:566)
	at org.testng.internal.MethodInvocationHelper.invokeMethod(MethodInvocationHelper.java:133)
	at org.testng.internal.TestInvoker.invokeMethod(TestInvoker.java:584)
	at org.testng.internal.TestInvoker.invokeTestMethod(TestInvoker.java:172)
	at org.testng.internal.MethodRunner.runInSequence(MethodRunner.java:46)
	at org.testng.internal.TestInvoker$MethodInvocationAgent.invoke(TestInvoker.java:804)
	at org.testng.internal.TestInvoker.invokeTestMethods(TestInvoker.java:145)
	at org.testng.internal.TestMethodWorker.invokeTestMethods(TestMethodWorker.java:146)
	at org.testng.internal.TestMethodWorker.run(TestMethodWorker.java:128)
	at java.base/java.util.concurrent.ThreadPoolExecutor.runWorker(ThreadPoolExecutor.java:1128)
	at java.base/java.util.concurrent.ThreadPoolExecutor$Worker.run(ThreadPoolExecutor.java:628)
	at java.base/java.lang.Thread.run(Thread.java:834)
</pre></div></td>
<td>0</td>
<td>com.epam.testng.tests.CtgOfDoubleValueCalcTest@20d28811</td></tr>
<tr>
<td title='com.epam.testng.tests.DivOfLongValuesCalcTest.divOfTwoLongValues()'><b>divOfTwoLongValues</b><br>Test class: com.epam.testng.tests.DivOfLongValuesCalcTest</td>
<td><div><pre>org.testng.internal.reflect.MethodMatcherException: 
[public void com.epam.testng.tests.DivOfLongValuesCalcTest.divOfTwoLongValues(long,long,long)] has no parameters defined but was found to be using a data provider (either explicitly specified or inherited from class level annotation).
Data provider mismatch
Method: divOfTwoLongValues([Parameter{index=0, type=long, declaredAnnotations=[]}, Parameter{index=1, type=long, declaredAnnotations=[]}, Parameter{index=2, type=long, declaredAnnotations=[]}])
Arguments: [(java.lang.Long) 4,(java.lang.Integer) 0]
	at java.base/java.util.concurrent.ThreadPoolExecutor.runWorker(ThreadPoolExecutor.java:1128)
	at java.base/java.util.concurrent.ThreadPoolExecutor$Worker.run(ThreadPoolExecutor.java:628)
	at java.base/java.lang.Thread.run(Thread.java:834)
... Removed 7 stack frames</pre></div><a href='#' onClick='toggleBox("stack-trace884223734", this, "Click to show all stack frames", "Click to hide stack frames")'>Click to show all stack frames</a>
<div class='stack-trace' id='stack-trace884223734'><pre>org.testng.internal.reflect.MethodMatcherException: 
[public void com.epam.testng.tests.DivOfLongValuesCalcTest.divOfTwoLongValues(long,long,long)] has no parameters defined but was found to be using a data provider (either explicitly specified or inherited from class level annotation).
Data provider mismatch
Method: divOfTwoLongValues([Parameter{index=0, type=long, declaredAnnotations=[]}, Parameter{index=1, type=long, declaredAnnotations=[]}, Parameter{index=2, type=long, declaredAnnotations=[]}])
Arguments: [(java.lang.Long) 4,(java.lang.Integer) 0]
	at org.testng.internal.reflect.DataProviderMethodMatcher.getConformingArguments(DataProviderMethodMatcher.java:43)
	at org.testng.internal.Parameters.injectParameters(Parameters.java:925)
	at org.testng.internal.MethodRunner.runInSequence(MethodRunner.java:34)
	at org.testng.internal.TestInvoker$MethodInvocationAgent.invoke(TestInvoker.java:804)
	at org.testng.internal.TestInvoker.invokeTestMethods(TestInvoker.java:145)
	at org.testng.internal.TestMethodWorker.invokeTestMethods(TestMethodWorker.java:146)
	at org.testng.internal.TestMethodWorker.run(TestMethodWorker.java:128)
	at java.base/java.util.concurrent.ThreadPoolExecutor.runWorker(ThreadPoolExecutor.java:1128)
	at java.base/java.util.concurrent.ThreadPoolExecutor$Worker.run(ThreadPoolExecutor.java:628)
	at java.base/java.lang.Thread.run(Thread.java:834)
</pre></div></td>
<td>0</td>
<td>com.epam.testng.tests.DivOfLongValuesCalcTest@60d8c9b7</td></tr>
<tr>
<td title='com.epam.testng.tests.TgOfDoubleValueCalcTest.tgOfDoubleValue()'><b>tgOfDoubleValue</b><br>Test class: com.epam.testng.tests.TgOfDoubleValueCalcTest<br>Parameters: 360.0, -3.3801404139609623</td>
<td><div><pre>java.lang.AssertionError: did not expect to find [-3.3801404139609623] but found [1.0]
	at com.epam.testng.tests.TgOfDoubleValueCalcTest.tgOfDoubleValue(TgOfDoubleValueCalcTest.java:11)
	at java.base/java.util.concurrent.ThreadPoolExecutor.runWorker(ThreadPoolExecutor.java:1128)
	at java.base/java.util.concurrent.ThreadPoolExecutor$Worker.run(ThreadPoolExecutor.java:628)
	at java.base/java.lang.Thread.run(Thread.java:834)
... Removed 16 stack frames</pre></div><a href='#' onClick='toggleBox("stack-trace1344713173", this, "Click to show all stack frames", "Click to hide stack frames")'>Click to show all stack frames</a>
<div class='stack-trace' id='stack-trace1344713173'><pre>java.lang.AssertionError: did not expect to find [-3.3801404139609623] but found [1.0]
	at org.testng.Assert.fail(Assert.java:97)
	at org.testng.Assert.failNotEquals(Assert.java:969)
	at org.testng.Assert.assertEquals(Assert.java:640)
	at org.testng.Assert.assertEquals(Assert.java:651)
	at com.epam.testng.tests.TgOfDoubleValueCalcTest.tgOfDoubleValue(TgOfDoubleValueCalcTest.java:11)
	at java.base/jdk.internal.reflect.NativeMethodAccessorImpl.invoke0(Native Method)
	at java.base/jdk.internal.reflect.NativeMethodAccessorImpl.invoke(NativeMethodAccessorImpl.java:62)
	at java.base/jdk.internal.reflect.DelegatingMethodAccessorImpl.invoke(DelegatingMethodAccessorImpl.java:43)
	at java.base/java.lang.reflect.Method.invoke(Method.java:566)
	at org.testng.internal.MethodInvocationHelper.invokeMethod(MethodInvocationHelper.java:133)
	at org.testng.internal.TestInvoker.invokeMethod(TestInvoker.java:584)
	at org.testng.internal.TestInvoker.invokeTestMethod(TestInvoker.java:172)
	at org.testng.internal.MethodRunner.runInSequence(MethodRunner.java:46)
	at org.testng.internal.TestInvoker$MethodInvocationAgent.invoke(TestInvoker.java:804)
	at org.testng.internal.TestInvoker.invokeTestMethods(TestInvoker.java:145)
	at org.testng.internal.TestMethodWorker.invokeTestMethods(TestMethodWorker.java:146)
	at org.testng.internal.TestMethodWorker.run(TestMethodWorker.java:128)
	at java.base/java.util.concurrent.ThreadPoolExecutor.runWorker(ThreadPoolExecutor.java:1128)
	at java.base/java.util.concurrent.ThreadPoolExecutor$Worker.run(ThreadPoolExecutor.java:628)
	at java.base/java.lang.Thread.run(Thread.java:834)
</pre></div></td>
<td>0</td>
<td>com.epam.testng.tests.TgOfDoubleValueCalcTest@2ea227af</td></tr>
</table><p>
<table width='100%' border='1' class='invocation-passed'>
<tr><td colspan='4' align='center'><b>PASSED TESTS</b></td></tr>
<tr><td><b>Test method</b></td>
<td width="30%"><b>Exception</b></td>
<td width="10%"><b>Time (seconds)</b></td>
<td><b>Instance</b></td>
</tr>
<tr>
<td title='com.epam.testng.tests.DivOfDoubleValuesCalcTest.divOfTwoDoubleValues()'><b>divOfTwoDoubleValues</b><br>Test class: com.epam.testng.tests.DivOfDoubleValuesCalcTest<br>Parameters: 1.5, 3.0, 0.5</td>
<td></td>
<td>0</td>
<td>com.epam.testng.tests.DivOfDoubleValuesCalcTest@3967e60c</td></tr>
<tr>
<td title='com.epam.testng.tests.IsNegativeCalcTest.isNegativeOfLongValue()'><b>isNegativeOfLongValue</b><br>Test class: com.epam.testng.tests.IsNegativeCalcTest<br>Parameters: -2, true</td>
<td></td>
<td>0</td>
<td>com.epam.testng.tests.IsNegativeCalcTest@7c0c77c7</td></tr>
<tr>
<td title='com.epam.testng.tests.IsNegativeCalcTest.isNegativeOfLongValue()'><b>isNegativeOfLongValue</b><br>Test class: com.epam.testng.tests.IsNegativeCalcTest<br>Parameters: 0, false</td>
<td></td>
<td>0</td>
<td>com.epam.testng.tests.IsNegativeCalcTest@7c0c77c7</td></tr>
<tr>
<td title='com.epam.testng.tests.IsNegativeCalcTest.isNegativeOfLongValue()'><b>isNegativeOfLongValue</b><br>Test class: com.epam.testng.tests.IsNegativeCalcTest<br>Parameters: 1, false</td>
<td></td>
<td>0</td>
<td>com.epam.testng.tests.IsNegativeCalcTest@7c0c77c7</td></tr>
<tr>
<td title='com.epam.testng.tests.IsPositiveCalcTest.isPositiveOfLongValue()'><b>isPositiveOfLongValue</b><br>Test class: com.epam.testng.tests.IsPositiveCalcTest<br>Parameters: 0, false</td>
<td></td>
<td>0</td>
<td>com.epam.testng.tests.IsPositiveCalcTest@48aaecc3</td></tr>
<tr>
<td title='com.epam.testng.tests.IsPositiveCalcTest.isPositiveOfLongValue()'><b>isPositiveOfLongValue</b><br>Test class: com.epam.testng.tests.IsPositiveCalcTest<br>Parameters: 1, true</td>
<td></td>
<td>0</td>
<td>com.epam.testng.tests.IsPositiveCalcTest@48aaecc3</td></tr>
<tr>
<td title='com.epam.testng.tests.IsPositiveCalcTest.isPositiveOfLongValue()'><b>isPositiveOfLongValue</b><br>Test class: com.epam.testng.tests.IsPositiveCalcTest<br>Parameters: -1, false</td>
<td></td>
<td>0</td>
<td>com.epam.testng.tests.IsPositiveCalcTest@48aaecc3</td></tr>
<tr>
<td title='com.epam.testng.tests.MultOfDoubleValuesCalcTest.multOfTwoDoubleValues()'><b>multOfTwoDoubleValues</b><br>Test class: com.epam.testng.tests.MultOfDoubleValuesCalcTest<br>Parameters: 5.846, 6.5, 37.0</td>
<td></td>
<td>0</td>
<td>com.epam.testng.tests.MultOfDoubleValuesCalcTest@7adda9cc</td></tr>
<tr>
<td title='com.epam.testng.tests.MultOfLongValuesCalcTest.multOfTwoLongValues()'><b>multOfTwoLongValues</b><br>Test class: com.epam.testng.tests.MultOfLongValuesCalcTest<br>Parameters: 10, 15, 150</td>
<td></td>
<td>0</td>
<td>com.epam.testng.tests.MultOfLongValuesCalcTest@5cee5251</td></tr>
<tr>
<td title='com.epam.testng.tests.PowOfDoubleValuesCalcTest.powOfTwoDoubleValues()'><b>powOfTwoDoubleValues</b><br>Test class: com.epam.testng.tests.PowOfDoubleValuesCalcTest<br>Parameters: 1.5, 3.1, 3.375</td>
<td></td>
<td>0</td>
<td>com.epam.testng.tests.PowOfDoubleValuesCalcTest@433d61fb</td></tr>
<tr>
<td title='com.epam.testng.tests.PowOfDoubleValuesCalcTest.powOfTwoDoubleValues()'><b>powOfTwoDoubleValues</b><br>Test class: com.epam.testng.tests.PowOfDoubleValuesCalcTest<br>Parameters: -1.5, 3.1, -3.375</td>
<td></td>
<td>0</td>
<td>com.epam.testng.tests.PowOfDoubleValuesCalcTest@433d61fb</td></tr>
<tr>
<td title='com.epam.testng.tests.SinOfDoubleValueCalcTest.sinOfDoubleValue()'><b>sinOfDoubleValue</b><br>Test class: com.epam.testng.tests.SinOfDoubleValueCalcTest<br>Parameters: 360.0, 0.9589157234143065</td>
<td></td>
<td>0</td>
<td>com.epam.testng.tests.SinOfDoubleValueCalcTest@5c909414</td></tr>
<tr>
<td title='com.epam.testng.tests.SqrtOfDoubleValueCalcTest.sqrtOfDoubleValue()'><b>sqrtOfDoubleValue</b><br>Test class: com.epam.testng.tests.SqrtOfDoubleValueCalcTest<br>Parameters: 16.4, 4.049691346263317</td>
<td></td>
<td>0</td>
<td>com.epam.testng.tests.SqrtOfDoubleValueCalcTest@4b14c583</td></tr>
<tr>
<td title='com.epam.testng.tests.SubOfDoubleValuesCalcTest.subOfTwoDoubleValues()'><b>subOfTwoDoubleValues</b><br>Test class: com.epam.testng.tests.SubOfDoubleValuesCalcTest<br>Parameters: 10.0458, 15.72993, -5.68413</td>
<td></td>
<td>0</td>
<td>com.epam.testng.tests.SubOfDoubleValuesCalcTest@65466a6a</td></tr>
<tr>
<td title='com.epam.testng.tests.SubOfLongValuesCalcTest.subOfTwoLongValues()'><b>subOfTwoLongValues</b><br>Test class: com.epam.testng.tests.SubOfLongValuesCalcTest<br>Parameters: 10, 15, -5</td>
<td></td>
<td>0</td>
<td>com.epam.testng.tests.SubOfLongValuesCalcTest@4ddced80</td></tr>
<tr>
<td title='com.epam.testng.tests.SumOfDoubleValuesCalcTest.sumOfTwoDoubleValues()'><b>sumOfTwoDoubleValues</b><br>Test class: com.epam.testng.tests.SumOfDoubleValuesCalcTest<br>Parameters: 5.5, 6.5, 12.0</td>
<td></td>
<td>0</td>
<td>com.epam.testng.tests.SumOfDoubleValuesCalcTest@1534f01b</td></tr>
<tr>
<td title='com.epam.testng.tests.SumOfLongValuesCalcTest.sumOfTwoLongValues()'><b>sumOfTwoLongValues</b><br>Test class: com.epam.testng.tests.SumOfLongValuesCalcTest<br>Parameters: 10, 15, 25</td>
<td></td>
<td>0</td>
<td>com.epam.testng.tests.SumOfLongValuesCalcTest@78e117e3</td></tr>
</table><p>
</body>
</html>