<?xml version="1.0" encoding="UTF-8"?>
<!-- Generated by org.testng.reporters.JUnitReportReporter -->
<testsuite hostname="Kirill" failures="0" tests="1" name="com.epam.testng.tests.DivOfLongValuesCalcTest" time="0.002" errors="1" timestamp="2020-04-13T22:12:04 MSK" skipped="0">
  <testcase classname="com.epam.testng.tests.DivOfLongValuesCalcTest" name="divOfTwoLongValues" time="0.002">
    <error message="
[public void com.epam.testng.tests.DivOfLongValuesCalcTest.divOfTwoLongValues(long,long,long)] has no parameters defined but was found to be using a data provider (either explicitly specified or inherited from class level annotation).
Data provider mismatch
Method: divOfTwoLongValues([Parameter{index=0, type=long, declaredAnnotations=[]}, Parameter{index=1, type=long, declaredAnnotations=[]}, Parameter{index=2, type=long, declaredAnnotations=[]}])
Arguments: [(java.lang.Long) 4,(java.lang.Integer) 0]" type="org.testng.internal.reflect.MethodMatcherException">
      <![CDATA[org.testng.internal.reflect.MethodMatcherException: 
[public void com.epam.testng.tests.DivOfLongValuesCalcTest.divOfTwoLongValues(long,long,long)] has no parameters defined but was found to be using a data provider (either explicitly specified or inherited from class level annotation).
Data provider mismatch
Method: divOfTwoLongValues([Parameter{index=0, type=long, declaredAnnotations=[]}, Parameter{index=1, type=long, declaredAnnotations=[]}, Parameter{index=2, type=long, declaredAnnotations=[]}])
Arguments: [(java.lang.Long) 4,(java.lang.Integer) 0]
at org.testng.internal.reflect.DataProviderMethodMatcher.getConformingArguments(DataProviderMethodMatcher.java:43)
at org.testng.internal.Parameters.injectParameters(Parameters.java:925)
at org.testng.internal.MethodRunner.runInSequence(MethodRunner.java:34)
at org.testng.internal.TestInvoker$MethodInvocationAgent.invoke(TestInvoker.java:804)
at org.testng.internal.TestInvoker.invokeTestMethods(TestInvoker.java:145)
at org.testng.internal.TestMethodWorker.invokeTestMethods(TestMethodWorker.java:146)
at org.testng.internal.TestMethodWorker.run(TestMethodWorker.java:128)
at java.base/java.util.concurrent.ThreadPoolExecutor.runWorker(ThreadPoolExecutor.java:1128)
at java.base/java.util.concurrent.ThreadPoolExecutor$Worker.run(ThreadPoolExecutor.java:628)
at java.base/java.lang.Thread.run(Thread.java:834)
]]>
    </error>
  </testcase> <!-- divOfTwoLongValues -->
</testsuite> <!-- com.epam.testng.tests.DivOfLongValuesCalcTest -->
